<?xml version="1.0" encoding="UTF-8"?>
<!-- Generated by org.testng.reporters.JUnitReportReporter -->
<testsuite hostname="sindhujas-MacBook-Pro.local" name="com.testing.MavenGitMac2.TestScripts" tests="2" failures="0" timestamp="13 Apr 2018 06:38:26 GMT" time="22.836" errors="0">
  <testcase name="Login_ErrorMessageWithoutPassword_01" time="11.446" classname="com.testing.MavenGitMac2.TestScripts"/>
  <testcase name="Login_SFDC_02" time="11.390" classname="com.testing.MavenGitMac2.TestScripts"/>
</testsuite> <!-- com.testing.MavenGitMac2.TestScripts -->
