<?xml version="1.0" encoding="UTF-8"?>
<!-- Generated by org.testng.reporters.JUnitReportReporter -->
<testsuite hostname="sindhujas-MacBook-Pro.local" name="com.testing.MavenGitMac2.TestScripts" tests="2" failures="0" timestamp="13 Apr 2018 07:06:52 GMT" time="15.530" errors="0">
  <testcase name="Login_ErrorMessageWithoutPassword_01" time="5.788" classname="com.testing.MavenGitMac2.TestScripts"/>
  <testcase name="Login_SFDC_02" time="9.742" classname="com.testing.MavenGitMac2.TestScripts"/>
</testsuite> <!-- com.testing.MavenGitMac2.TestScripts -->
